<?xml version="1.0" encoding="UTF-8"?>
<!-- Generated by org.testng.reporters.JUnitReportReporter -->
<testsuite hostname="Geetikas-MacBook-Air.local" name="com.RAFDataflow.AutomationMAVEN.ReferaFriendDataflow" tests="1" failures="0" timestamp="16 Mar 2020 13:36:12 GMT" time="5.783" errors="0">
  <testcase name="test" time="5.783" classname="com.RAFDataflow.AutomationMAVEN.ReferaFriendDataflow"/>
</testsuite> <!-- com.RAFDataflow.AutomationMAVEN.ReferaFriendDataflow -->
